<?xml version="1.0" encoding="UTF-8"?>
<!-- Generated by org.testng.reporters.JUnitReportReporter -->
<testsuite hostname="DESKTOP-KMQKN7H" failures="0" tests="1" name="org.learntestngframework.LearnDescription" time="0.021" errors="0" timestamp="09 Dec 2022 13:42:55 GMT" skipped="0">
  <testcase classname="org.learntestngframework.LearnDescription" name="test" time="0.021"/>
</testsuite> <!-- org.learntestngframework.LearnDescription -->
