<?xml version="1.0" encoding="UTF-8"?>
<!-- Generated by org.testng.reporters.JUnitReportReporter -->
<testsuite hostname="DESKTOP-KMQKN7H" failures="0" tests="4" name="org.learntestngframework.GroupExampleOne" time="0.019" errors="0" timestamp="07 Dec 2022 05:57:56 GMT" skipped="0">
  <testcase classname="org.learntestngframework.GroupExampleOne" name="OrangeTwo" time="0.002"/>
  <testcase classname="org.learntestngframework.GroupExampleOne" name="OrangeOne" time="0.013"/>
  <testcase classname="org.learntestngframework.GroupExampleOne" name="appleOne" time="0.003"/>
  <testcase classname="org.learntestngframework.GroupExampleOne" name="appleTwo" time="0.001"/>
</testsuite> <!-- org.learntestngframework.GroupExampleOne -->
