<?xml version="1.0" encoding="UTF-8"?>
<!-- Generated by org.testng.reporters.JUnitReportReporter -->
<testsuite hostname="DESKTOP-KMQKN7H" failures="0" tests="1" name="org.learntestngframework.DependsOnMethod" time="0.016" errors="0" timestamp="04 Dec 2022 18:12:35 GMT" skipped="0">
  <testcase classname="org.learntestngframework.DependsOnMethod" name="test2" time="0.016"/>
</testsuite> <!-- org.learntestngframework.DependsOnMethod -->
