<?xml version="1.0" encoding="UTF-8"?>
<!-- Generated by org.testng.reporters.JUnitReportReporter -->
<testsuite hostname="DESKTOP-KMQKN7H" failures="0" tests="3" name="org.learntestngframework.LearnSuiteTest" time="74.927" errors="0" timestamp="03 Dec 2022 18:02:27 GMT" skipped="0">
  <testcase classname="org.learntestngframework.LearnSuiteTest" name="openBing" time="45.771"/>
  <testcase classname="org.learntestngframework.LearnSuiteTest" name="openGoogle" time="14.946"/>
  <testcase classname="org.learntestngframework.LearnSuiteTest" name="openYahoo" time="14.210"/>
</testsuite> <!-- org.learntestngframework.LearnSuiteTest -->
