<?xml version="1.0" encoding="UTF-8"?>
<!-- Generated by org.testng.reporters.JUnitReportReporter -->
<testsuite hostname="DESKTOP-KMQKN7H" failures="0" tests="2" name="org.learntestngframework.LearnParallelTesting" time="22.537" errors="0" timestamp="09 Dec 2022 09:28:08 GMT" skipped="0">
  <testcase classname="org.learntestngframework.LearnParallelTesting" name="openBing" time="9.155"/>
  <testcase classname="org.learntestngframework.LearnParallelTesting" name="openGoogle" time="13.382"/>
</testsuite> <!-- org.learntestngframework.LearnParallelTesting -->
