<?xml version="1.0" encoding="UTF-8"?>
<!-- Generated by org.testng.reporters.JUnitReportReporter -->
<testsuite hostname="DESKTOP-KMQKN7H" failures="0" tests="4" name="org.learntestngframework.LearnPriority" time="0.021" errors="0" timestamp="02 Dec 2022 17:25:26 GMT" skipped="0">
  <testcase classname="org.learntestngframework.LearnPriority" name="methodA" time="0.014"/>
  <testcase classname="org.learntestngframework.LearnPriority" name="method" time="0.003"/>
  <testcase classname="org.learntestngframework.LearnPriority" name="method1" time="0.002"/>
  <testcase classname="org.learntestngframework.LearnPriority" name="methodS" time="0.002"/>
</testsuite> <!-- org.learntestngframework.LearnPriority -->
