<?xml version="1.0" encoding="UTF-8"?>
<!-- Generated by org.testng.reporters.JUnitReportReporter -->
<testsuite hostname="DESKTOP-KMQKN7H" failures="0" tests="2" name="org.learntestngframework.GroupExample" time="0.014" errors="0" timestamp="01 Dec 2022 08:19:08 GMT" skipped="0">
  <testcase classname="org.learntestngframework.GroupExample" name="SL" time="0.002"/>
  <testcase classname="org.learntestngframework.GroupExample" name="Aus" time="0.012"/>
</testsuite> <!-- org.learntestngframework.GroupExample -->
