<?xml version="1.0" encoding="UTF-8"?>
<!-- Generated by org.testng.reporters.JUnitReportReporter -->
<testsuite hostname="DESKTOP-KMQKN7H" failures="0" tests="2" name="org.learntestngframework.TryClass" time="33.326" errors="0" timestamp="29 Jan 2023 10:36:51 GMT" skipped="0">
  <testcase classname="org.learntestngframework.TryClass" name="openAmazon" time="18.543"/>
  <testcase classname="org.learntestngframework.TryClass" name="openFB" time="14.783"/>
</testsuite> <!-- org.learntestngframework.TryClass -->
