<?xml version="1.0" encoding="UTF-8"?>
<!-- Generated by org.testng.reporters.JUnitReportReporter -->
<testsuite hostname="DESKTOP-KMQKN7H" failures="0" tests="1" name="org.learntestngframework.Parameterization" time="0.013" errors="0" timestamp="07 Dec 2022 06:01:49 GMT" skipped="0">
  <testcase classname="org.learntestngframework.Parameterization" name="test2" time="0.013"/>
</testsuite> <!-- org.learntestngframework.Parameterization -->
