<?xml version="1.0" encoding="UTF-8"?>
<!-- Generated by org.testng.reporters.JUnitReportReporter -->
<testsuite hostname="DESKTOP-KMQKN7H" failures="0" tests="10" name="org.learntestngframework.LearnInvocationCount" time="10.107" errors="0" timestamp="01 Dec 2022 07:49:08 GMT" skipped="0">
  <testcase classname="org.learntestngframework.LearnInvocationCount" name="method" time="1.009"/>
  <testcase classname="org.learntestngframework.LearnInvocationCount" name="method" time="1.014"/>
  <testcase classname="org.learntestngframework.LearnInvocationCount" name="method" time="1.009"/>
  <testcase classname="org.learntestngframework.LearnInvocationCount" name="method" time="1.009"/>
  <testcase classname="org.learntestngframework.LearnInvocationCount" name="method" time="1.008"/>
  <testcase classname="org.learntestngframework.LearnInvocationCount" name="method" time="1.005"/>
  <testcase classname="org.learntestngframework.LearnInvocationCount" name="method" time="1.013"/>
  <testcase classname="org.learntestngframework.LearnInvocationCount" name="method" time="1.003"/>
  <testcase classname="org.learntestngframework.LearnInvocationCount" name="method" time="1.020"/>
  <testcase classname="org.learntestngframework.LearnInvocationCount" name="method" time="1.017"/>
</testsuite> <!-- org.learntestngframework.LearnInvocationCount -->
