<?xml version="1.0" encoding="UTF-8"?>
<!-- Generated by org.testng.reporters.JUnitReportReporter -->
<testsuite hostname="DESKTOP-KMQKN7H" failures="0" tests="1" name="org.learntestngframework.LearnTestng" time="0.015" errors="0" timestamp="04 Dec 2022 15:34:04 GMT" skipped="0">
  <testcase classname="org.learntestngframework.LearnTestng" name="testA" time="0.015"/>
</testsuite> <!-- org.learntestngframework.LearnTestng -->
