<?xml version="1.0" encoding="UTF-8"?>
<!-- Generated by org.testng.reporters.JUnitReportReporter -->
<testsuite hostname="DESKTOP-KMQKN7H" failures="0" tests="1" name="org.learntestngframework.ReferClass" time="25.516" errors="0" timestamp="09 Dec 2022 16:01:09 GMT" skipped="0">
  <testcase classname="org.learntestngframework.ReferClass" name="loginPage" time="25.516"/>
</testsuite> <!-- org.learntestngframework.ReferClass -->
