<?xml version="1.0" encoding="UTF-8"?>
<!-- Generated by org.testng.reporters.JUnitReportReporter -->
<testsuite hostname="DESKTOP-KMQKN7H" failures="0" tests="1" name="org.learntestngframework.LearnAssert" time="6.575" errors="0" timestamp="01 Dec 2022 07:24:55 GMT" skipped="0">
  <testcase classname="org.learntestngframework.LearnAssert" name="test" time="6.575"/>
</testsuite> <!-- org.learntestngframework.LearnAssert -->
