<?xml version="1.0" encoding="UTF-8"?>
<!-- Generated by org.testng.reporters.JUnitReportReporter -->
<testsuite hostname="DESKTOP-KMQKN7H" failures="0" tests="1" name="org.learntestngframework.ExecutionOrder" time="0.011" errors="0" timestamp="01 Dec 2022 06:11:53 GMT" skipped="0">
  <testcase classname="org.learntestngframework.ExecutionOrder" name="test" time="0.011"/>
</testsuite> <!-- org.learntestngframework.ExecutionOrder -->
